<?xml version="1.0" encoding="UTF-8"?>
<!-- Generated by org.testng.reporters.JUnitReportReporter -->
<testsuite skipped="0" hostname="HALIL" name="Academy.benime2eProject.homePage" tests="1" failures="0" timestamp="28 Feb 2019 01:43:12 GMT" time="15.995" errors="0">
  <testcase name="basePageNavigation" time="15.995" classname="Academy.benime2eProject.homePage"/>
</testsuite> <!-- Academy.benime2eProject.homePage -->
