<?xml version="1.0" encoding="UTF-8"?>
<!-- Generated by org.testng.reporters.JUnitReportReporter -->
<testsuite skipped="0" hostname="HALIL" name="Academy.benime2eProject.anotherPage" tests="1" failures="0" timestamp="27 Feb 2019 02:00:48 GMT" time="6.106" errors="0">
  <testcase name="openFace" time="6.106" classname="Academy.benime2eProject.anotherPage"/>
</testsuite> <!-- Academy.benime2eProject.anotherPage -->
